<?xml version="1.0" encoding="UTF-8"?>
<!-- Generated by org.testng.reporters.JUnitReportReporter -->
<testsuite hostname="LAPTOP-7PIGR874" failures="0" tests="2" name="RunnerClass.RunnerTest" time="45.440" errors="0" timestamp="2024-05-03T08:35:20 IST" skipped="0">
  <testcase classname="RunnerClass.RunnerTest" name="runScenario" time="35.776"/>
  <system-out/>
  <testcase classname="RunnerClass.RunnerTest" name="runScenario" time="9.664"/>
  <system-out/>
</testsuite> <!-- RunnerClass.RunnerTest -->
